  Actor.cpp
d:\c++自主\自分用c++\git\mygame\project1\actor\actor.cpp(10): warning C4244: '引数': 'const float' から 'int' への変換です。データが失われる可能性があります。
  ActorGroupManager.cpp
  ActorManager.cpp
  Application.cpp
d:\c++自主\自分用c++\git\mygame\project1\application\application.cpp(24): warning C4244: '引数': 'int' から 'float' への変換です。データが失われる可能性があります。
  BaseLine.cpp
d:\c++自主\自分用c++\git\mygame\project1\baseline\baseline.cpp(37): warning C4244: '引数': 'float' から 'int' への変換です。データが失われる可能性があります。
  Nucleus.cpp
  Square.cpp
  BoundingRectangle.cpp
  DxGraph.cpp
d:\c++自主\自分用c++\git\mygame\project1\dxgraph\dxgraph.cpp(18): warning C4244: '引数': 'float' から 'int' への変換です。データが失われる可能性があります。
  Field.cpp
  main.cpp
  Stage.cpp
  Timer.cpp
  Vector2D.cpp
  World.cpp
  コードを生成中...
  Project1.vcxproj -> D:\C++自主\自分用C++\Git\MyGame\Project1\Debug\Project1.exe
